This is pdfTeX, Version 3.1415926-2.4-1.40.13 (TeX Live 2012) (format=pdflatex 2014.4.22)  27 JAN 2015 01:37
entering extended mode
 restricted \write18 enabled.
 file:line:error style messages enabled.
 %&-line parsing enabled.
**finalreport.tex
(./finalreport.tex
LaTeX2e <2011/06/27>
Babel <v3.8m> and hyphenation patterns for english, dumylang, nohyphenation, ge
rman-x-2012-05-30, ngerman-x-2012-05-30, afrikaans, ancientgreek, ibycus, arabi
c, armenian, basque, bulgarian, catalan, pinyin, coptic, croatian, czech, danis
h, dutch, ukenglish, usenglishmax, esperanto, estonian, ethiopic, farsi, finnis
h, french, friulan, galician, german, ngerman, swissgerman, monogreek, greek, h
ungarian, icelandic, assamese, bengali, gujarati, hindi, kannada, malayalam, ma
rathi, oriya, panjabi, tamil, telugu, indonesian, interlingua, irish, italian, 
kurmanji, latin, latvian, lithuanian, mongolian, mongolianlmc, bokmal, nynorsk,
 polish, portuguese, romanian, romansh, russian, sanskrit, serbian, serbianc, s
lovak, slovenian, spanish, swedish, turkish, turkmen, ukrainian, uppersorbian, 
welsh, loaded.
(/usr/local/texlive/2012/texmf-dist/tex/latex/IEEEtran/IEEEtran.cls
Document Class: IEEEtran 2007/03/05 V1.7a by Michael Shell
-- See the "IEEEtran_HOWTO" manual for usage information.
-- http://www.michaelshell.org/tex/ieeetran/
\@IEEEtrantmpdimenA=\dimen102
\@IEEEtrantmpdimenB=\dimen103
\@IEEEtrantmpcountA=\count79
\@IEEEtrantmpcountB=\count80
\@IEEEtrantmptoksA=\toks14
LaTeX Font Info:    Try loading font information for OT1+ptm on input line 366.

(/usr/local/texlive/2012/texmf-dist/tex/latex/psnfss/ot1ptm.fd
File: ot1ptm.fd 2001/06/04 font definitions for OT1/ptm.
)
-- Using 8.5in x 11in (letter) paper.
-- Using PDF output.
\@IEEEnormalsizeunitybaselineskip=\dimen104
-- This is a 12 point document.
\CLASSINFOnormalsizebaselineskip=\dimen105
\CLASSINFOnormalsizeunitybaselineskip=\dimen106
\IEEEnormaljot=\dimen107
LaTeX Font Info:    Font shape `OT1/ptm/bx/n' in size <6> not available
(Font)              Font shape `OT1/ptm/b/n' tried instead on input line 724.
LaTeX Font Info:    Font shape `OT1/ptm/bx/it' in size <6> not available
(Font)              Font shape `OT1/ptm/b/it' tried instead on input line 724.
LaTeX Font Info:    Font shape `OT1/ptm/bx/n' in size <8> not available
(Font)              Font shape `OT1/ptm/b/n' tried instead on input line 724.
LaTeX Font Info:    Font shape `OT1/ptm/bx/it' in size <8> not available
(Font)              Font shape `OT1/ptm/b/it' tried instead on input line 724.
LaTeX Font Info:    Font shape `OT1/ptm/bx/n' in size <9> not available
(Font)              Font shape `OT1/ptm/b/n' tried instead on input line 724.
LaTeX Font Info:    Font shape `OT1/ptm/bx/it' in size <9> not available
(Font)              Font shape `OT1/ptm/b/it' tried instead on input line 724.
LaTeX Font Info:    Font shape `OT1/ptm/bx/n' in size <10> not available
(Font)              Font shape `OT1/ptm/b/n' tried instead on input line 724.
LaTeX Font Info:    Font shape `OT1/ptm/bx/it' in size <10> not available
(Font)              Font shape `OT1/ptm/b/it' tried instead on input line 724.
LaTeX Font Info:    Font shape `OT1/ptm/bx/n' in size <12> not available
(Font)              Font shape `OT1/ptm/b/n' tried instead on input line 724.
LaTeX Font Info:    Font shape `OT1/ptm/bx/it' in size <12> not available
(Font)              Font shape `OT1/ptm/b/it' tried instead on input line 724.
LaTeX Font Info:    Font shape `OT1/ptm/bx/n' in size <14> not available
(Font)              Font shape `OT1/ptm/b/n' tried instead on input line 724.
LaTeX Font Info:    Font shape `OT1/ptm/bx/it' in size <14> not available
(Font)              Font shape `OT1/ptm/b/it' tried instead on input line 724.
LaTeX Font Info:    Font shape `OT1/ptm/bx/n' in size <20> not available
(Font)              Font shape `OT1/ptm/b/n' tried instead on input line 724.
LaTeX Font Info:    Font shape `OT1/ptm/bx/it' in size <20> not available
(Font)              Font shape `OT1/ptm/b/it' tried instead on input line 724.
LaTeX Font Info:    Font shape `OT1/ptm/bx/n' in size <22> not available
(Font)              Font shape `OT1/ptm/b/n' tried instead on input line 724.
LaTeX Font Info:    Font shape `OT1/ptm/bx/it' in size <22> not available
(Font)              Font shape `OT1/ptm/b/it' tried instead on input line 724.
LaTeX Font Info:    Font shape `OT1/ptm/bx/n' in size <24> not available
(Font)              Font shape `OT1/ptm/b/n' tried instead on input line 724.
LaTeX Font Info:    Font shape `OT1/ptm/bx/it' in size <24> not available
(Font)              Font shape `OT1/ptm/b/it' tried instead on input line 724.
\IEEEilabelindentA=\dimen108
\IEEEilabelindentB=\dimen109
\IEEEilabelindent=\dimen110
\IEEEelabelindent=\dimen111
\IEEEdlabelindent=\dimen112
\IEEElabelindent=\dimen113
\IEEEiednormlabelsep=\dimen114
\IEEEiedmathlabelsep=\dimen115
\IEEEiedtopsep=\skip41
\c@section=\count81
\c@subsection=\count82
\c@subsubsection=\count83
\c@paragraph=\count84
\c@IEEEsubequation=\count85
\abovecaptionskip=\skip42
\belowcaptionskip=\skip43
\c@figure=\count86
\c@table=\count87
\@IEEEeqnnumcols=\count88
\@IEEEeqncolcnt=\count89
\@IEEEtmpitemindent=\dimen116
\c@IEEEbiography=\count90
\@IEEEtranrubishbin=\box26
) (/usr/local/texlive/2012/texmf-dist/tex/generic/babel/babel.sty
Package: babel 2008/07/08 v3.8m The Babel package

(/usr/local/texlive/2012/texmf-dist/tex/generic/babel/english.ldf
Language: english 2005/03/30 v3.3o English support from the babel system

(/usr/local/texlive/2012/texmf-dist/tex/generic/babel/babel.def
File: babel.def 2008/07/08 v3.8m Babel common definitions
\babel@savecnt=\count91
\U@D=\dimen117
)
\l@canadian = a dialect from \language\l@american 
\l@australian = a dialect from \language\l@british 
\l@newzealand = a dialect from \language\l@british 
))
(/usr/local/texlive/2012/texmf-dist/tex/latex/base/inputenc.sty
Package: inputenc 2008/03/30 v1.1d Input encoding file
\inpenc@prehook=\toks15
\inpenc@posthook=\toks16

(/usr/local/texlive/2012/texmf-dist/tex/latex/base/utf8.def
File: utf8.def 2008/04/05 v1.1m UTF-8 support for inputenc
Now handling font encoding OML ...
... no UTF-8 mapping file for font encoding OML
Now handling font encoding T1 ...
... processing UTF-8 mapping file for font encoding T1

(/usr/local/texlive/2012/texmf-dist/tex/latex/base/t1enc.dfu
File: t1enc.dfu 2008/04/05 v1.1m UTF-8 support for inputenc
   defining Unicode char U+00A1 (decimal 161)
   defining Unicode char U+00A3 (decimal 163)
   defining Unicode char U+00AB (decimal 171)
   defining Unicode char U+00BB (decimal 187)
   defining Unicode char U+00BF (decimal 191)
   defining Unicode char U+00C0 (decimal 192)
   defining Unicode char U+00C1 (decimal 193)
   defining Unicode char U+00C2 (decimal 194)
   defining Unicode char U+00C3 (decimal 195)
   defining Unicode char U+00C4 (decimal 196)
   defining Unicode char U+00C5 (decimal 197)
   defining Unicode char U+00C6 (decimal 198)
   defining Unicode char U+00C7 (decimal 199)
   defining Unicode char U+00C8 (decimal 200)
   defining Unicode char U+00C9 (decimal 201)
   defining Unicode char U+00CA (decimal 202)
   defining Unicode char U+00CB (decimal 203)
   defining Unicode char U+00CC (decimal 204)
   defining Unicode char U+00CD (decimal 205)
   defining Unicode char U+00CE (decimal 206)
   defining Unicode char U+00CF (decimal 207)
   defining Unicode char U+00D0 (decimal 208)
   defining Unicode char U+00D1 (decimal 209)
   defining Unicode char U+00D2 (decimal 210)
   defining Unicode char U+00D3 (decimal 211)
   defining Unicode char U+00D4 (decimal 212)
   defining Unicode char U+00D5 (decimal 213)
   defining Unicode char U+00D6 (decimal 214)
   defining Unicode char U+00D8 (decimal 216)
   defining Unicode char U+00D9 (decimal 217)
   defining Unicode char U+00DA (decimal 218)
   defining Unicode char U+00DB (decimal 219)
   defining Unicode char U+00DC (decimal 220)
   defining Unicode char U+00DD (decimal 221)
   defining Unicode char U+00DE (decimal 222)
   defining Unicode char U+00DF (decimal 223)
   defining Unicode char U+00E0 (decimal 224)
   defining Unicode char U+00E1 (decimal 225)
   defining Unicode char U+00E2 (decimal 226)
   defining Unicode char U+00E3 (decimal 227)
   defining Unicode char U+00E4 (decimal 228)
   defining Unicode char U+00E5 (decimal 229)
   defining Unicode char U+00E6 (decimal 230)
   defining Unicode char U+00E7 (decimal 231)
   defining Unicode char U+00E8 (decimal 232)
   defining Unicode char U+00E9 (decimal 233)
   defining Unicode char U+00EA (decimal 234)
   defining Unicode char U+00EB (decimal 235)
   defining Unicode char U+00EC (decimal 236)
   defining Unicode char U+00ED (decimal 237)
   defining Unicode char U+00EE (decimal 238)
   defining Unicode char U+00EF (decimal 239)
   defining Unicode char U+00F0 (decimal 240)
   defining Unicode char U+00F1 (decimal 241)
   defining Unicode char U+00F2 (decimal 242)
   defining Unicode char U+00F3 (decimal 243)
   defining Unicode char U+00F4 (decimal 244)
   defining Unicode char U+00F5 (decimal 245)
   defining Unicode char U+00F6 (decimal 246)
   defining Unicode char U+00F8 (decimal 248)
   defining Unicode char U+00F9 (decimal 249)
   defining Unicode char U+00FA (decimal 250)
   defining Unicode char U+00FB (decimal 251)
   defining Unicode char U+00FC (decimal 252)
   defining Unicode char U+00FD (decimal 253)
   defining Unicode char U+00FE (decimal 254)
   defining Unicode char U+00FF (decimal 255)
   defining Unicode char U+0102 (decimal 258)
   defining Unicode char U+0103 (decimal 259)
   defining Unicode char U+0104 (decimal 260)
   defining Unicode char U+0105 (decimal 261)
   defining Unicode char U+0106 (decimal 262)
   defining Unicode char U+0107 (decimal 263)
   defining Unicode char U+010C (decimal 268)
   defining Unicode char U+010D (decimal 269)
   defining Unicode char U+010E (decimal 270)
   defining Unicode char U+010F (decimal 271)
   defining Unicode char U+0110 (decimal 272)
   defining Unicode char U+0111 (decimal 273)
   defining Unicode char U+0118 (decimal 280)
   defining Unicode char U+0119 (decimal 281)
   defining Unicode char U+011A (decimal 282)
   defining Unicode char U+011B (decimal 283)
   defining Unicode char U+011E (decimal 286)
   defining Unicode char U+011F (decimal 287)
   defining Unicode char U+0130 (decimal 304)
   defining Unicode char U+0131 (decimal 305)
   defining Unicode char U+0132 (decimal 306)
   defining Unicode char U+0133 (decimal 307)
   defining Unicode char U+0139 (decimal 313)
   defining Unicode char U+013A (decimal 314)
   defining Unicode char U+013D (decimal 317)
   defining Unicode char U+013E (decimal 318)
   defining Unicode char U+0141 (decimal 321)
   defining Unicode char U+0142 (decimal 322)
   defining Unicode char U+0143 (decimal 323)
   defining Unicode char U+0144 (decimal 324)
   defining Unicode char U+0147 (decimal 327)
   defining Unicode char U+0148 (decimal 328)
   defining Unicode char U+014A (decimal 330)
   defining Unicode char U+014B (decimal 331)
   defining Unicode char U+0150 (decimal 336)
   defining Unicode char U+0151 (decimal 337)
   defining Unicode char U+0152 (decimal 338)
   defining Unicode char U+0153 (decimal 339)
   defining Unicode char U+0154 (decimal 340)
   defining Unicode char U+0155 (decimal 341)
   defining Unicode char U+0158 (decimal 344)
   defining Unicode char U+0159 (decimal 345)
   defining Unicode char U+015A (decimal 346)
   defining Unicode char U+015B (decimal 347)
   defining Unicode char U+015E (decimal 350)
   defining Unicode char U+015F (decimal 351)
   defining Unicode char U+0160 (decimal 352)
   defining Unicode char U+0161 (decimal 353)
   defining Unicode char U+0162 (decimal 354)
   defining Unicode char U+0163 (decimal 355)
   defining Unicode char U+0164 (decimal 356)
   defining Unicode char U+0165 (decimal 357)
   defining Unicode char U+016E (decimal 366)
   defining Unicode char U+016F (decimal 367)
   defining Unicode char U+0170 (decimal 368)
   defining Unicode char U+0171 (decimal 369)
   defining Unicode char U+0178 (decimal 376)
   defining Unicode char U+0179 (decimal 377)
   defining Unicode char U+017A (decimal 378)
   defining Unicode char U+017B (decimal 379)
   defining Unicode char U+017C (decimal 380)
   defining Unicode char U+017D (decimal 381)
   defining Unicode char U+017E (decimal 382)
   defining Unicode char U+200C (decimal 8204)
   defining Unicode char U+2013 (decimal 8211)
   defining Unicode char U+2014 (decimal 8212)
   defining Unicode char U+2018 (decimal 8216)
   defining Unicode char U+2019 (decimal 8217)
   defining Unicode char U+201A (decimal 8218)
   defining Unicode char U+201C (decimal 8220)
   defining Unicode char U+201D (decimal 8221)
   defining Unicode char U+201E (decimal 8222)
   defining Unicode char U+2030 (decimal 8240)
   defining Unicode char U+2031 (decimal 8241)
   defining Unicode char U+2039 (decimal 8249)
   defining Unicode char U+203A (decimal 8250)
   defining Unicode char U+2423 (decimal 9251)
)
Now handling font encoding OT1 ...
... processing UTF-8 mapping file for font encoding OT1

(/usr/local/texlive/2012/texmf-dist/tex/latex/base/ot1enc.dfu
File: ot1enc.dfu 2008/04/05 v1.1m UTF-8 support for inputenc
   defining Unicode char U+00A1 (decimal 161)
   defining Unicode char U+00A3 (decimal 163)
   defining Unicode char U+00B8 (decimal 184)
   defining Unicode char U+00BF (decimal 191)
   defining Unicode char U+00C5 (decimal 197)
   defining Unicode char U+00C6 (decimal 198)
   defining Unicode char U+00D8 (decimal 216)
   defining Unicode char U+00DF (decimal 223)
   defining Unicode char U+00E6 (decimal 230)
   defining Unicode char U+00EC (decimal 236)
   defining Unicode char U+00ED (decimal 237)
   defining Unicode char U+00EE (decimal 238)
   defining Unicode char U+00EF (decimal 239)
   defining Unicode char U+00F8 (decimal 248)
   defining Unicode char U+0131 (decimal 305)
   defining Unicode char U+0141 (decimal 321)
   defining Unicode char U+0142 (decimal 322)
   defining Unicode char U+0152 (decimal 338)
   defining Unicode char U+0153 (decimal 339)
   defining Unicode char U+2013 (decimal 8211)
   defining Unicode char U+2014 (decimal 8212)
   defining Unicode char U+2018 (decimal 8216)
   defining Unicode char U+2019 (decimal 8217)
   defining Unicode char U+201C (decimal 8220)
   defining Unicode char U+201D (decimal 8221)
)
Now handling font encoding OMS ...
... processing UTF-8 mapping file for font encoding OMS

(/usr/local/texlive/2012/texmf-dist/tex/latex/base/omsenc.dfu
File: omsenc.dfu 2008/04/05 v1.1m UTF-8 support for inputenc
   defining Unicode char U+00A7 (decimal 167)
   defining Unicode char U+00B6 (decimal 182)
   defining Unicode char U+00B7 (decimal 183)
   defining Unicode char U+2020 (decimal 8224)
   defining Unicode char U+2021 (decimal 8225)
   defining Unicode char U+2022 (decimal 8226)
)
Now handling font encoding OMX ...
... no UTF-8 mapping file for font encoding OMX
Now handling font encoding U ...
... no UTF-8 mapping file for font encoding U
   defining Unicode char U+00A9 (decimal 169)
   defining Unicode char U+00AA (decimal 170)
   defining Unicode char U+00AE (decimal 174)
   defining Unicode char U+00BA (decimal 186)
   defining Unicode char U+02C6 (decimal 710)
   defining Unicode char U+02DC (decimal 732)
   defining Unicode char U+200C (decimal 8204)
   defining Unicode char U+2026 (decimal 8230)
   defining Unicode char U+2122 (decimal 8482)
   defining Unicode char U+2423 (decimal 9251)
))
(/usr/local/texlive/2012/texmf-dist/tex/latex/amsmath/amsmath.sty
Package: amsmath 2000/07/18 v2.13 AMS math features
\@mathmargin=\skip44

For additional information on amsmath, use the `?' option.
(/usr/local/texlive/2012/texmf-dist/tex/latex/amsmath/amstext.sty
Package: amstext 2000/06/29 v2.01

(/usr/local/texlive/2012/texmf-dist/tex/latex/amsmath/amsgen.sty
File: amsgen.sty 1999/11/30 v2.0
\@emptytoks=\toks17
\ex@=\dimen118
))
(/usr/local/texlive/2012/texmf-dist/tex/latex/amsmath/amsbsy.sty
Package: amsbsy 1999/11/29 v1.2d
\pmbraise@=\dimen119
)
(/usr/local/texlive/2012/texmf-dist/tex/latex/amsmath/amsopn.sty
Package: amsopn 1999/12/14 v2.01 operator names
)
\inf@bad=\count92
LaTeX Info: Redefining \frac on input line 211.
\uproot@=\count93
\leftroot@=\count94
LaTeX Info: Redefining \overline on input line 307.
\classnum@=\count95
\DOTSCASE@=\count96
LaTeX Info: Redefining \ldots on input line 379.
LaTeX Info: Redefining \dots on input line 382.
LaTeX Info: Redefining \cdots on input line 467.
\Mathstrutbox@=\box27
\strutbox@=\box28
\big@size=\dimen120
LaTeX Font Info:    Redeclaring font encoding OML on input line 567.
LaTeX Font Info:    Redeclaring font encoding OMS on input line 568.
\macc@depth=\count97
\c@MaxMatrixCols=\count98
\dotsspace@=\muskip10
\c@parentequation=\count99
\dspbrk@lvl=\count100
\tag@help=\toks18
\row@=\count101
\column@=\count102
\maxfields@=\count103
\andhelp@=\toks19
\eqnshift@=\dimen121
\alignsep@=\dimen122
\tagshift@=\dimen123
\tagwidth@=\dimen124
\totwidth@=\dimen125
\lineht@=\dimen126
\@envbody=\toks20
\multlinegap=\skip45
\multlinetaggap=\skip46
\mathdisplay@stack=\toks21
LaTeX Info: Redefining \[ on input line 2666.
LaTeX Info: Redefining \] on input line 2667.
)
(/usr/local/texlive/2012/texmf-dist/tex/latex/graphics/graphicx.sty
Package: graphicx 1999/02/16 v1.0f Enhanced LaTeX Graphics (DPC,SPQR)

(/usr/local/texlive/2012/texmf-dist/tex/latex/graphics/keyval.sty
Package: keyval 1999/03/16 v1.13 key=value parser (DPC)
\KV@toks@=\toks22
)
(/usr/local/texlive/2012/texmf-dist/tex/latex/graphics/graphics.sty
Package: graphics 2009/02/05 v1.0o Standard LaTeX Graphics (DPC,SPQR)

(/usr/local/texlive/2012/texmf-dist/tex/latex/graphics/trig.sty
Package: trig 1999/03/16 v1.09 sin cos tan (DPC)
)
(/usr/local/texlive/2012/texmf-dist/tex/latex/latexconfig/graphics.cfg
File: graphics.cfg 2010/04/23 v1.9 graphics configuration of TeX Live
)
Package graphics Info: Driver file: pdftex.def on input line 91.

(/usr/local/texlive/2012/texmf-dist/tex/latex/pdftex-def/pdftex.def
File: pdftex.def 2011/05/27 v0.06d Graphics/color for pdfTeX

(/usr/local/texlive/2012/texmf-dist/tex/generic/oberdiek/infwarerr.sty
Package: infwarerr 2010/04/08 v1.3 Providing info/warning/error messages (HO)
)
(/usr/local/texlive/2012/texmf-dist/tex/generic/oberdiek/ltxcmds.sty
Package: ltxcmds 2011/11/09 v1.22 LaTeX kernel commands for general use (HO)
)
\Gread@gobject=\count104
))
\Gin@req@height=\dimen127
\Gin@req@width=\dimen128
)
(/usr/local/texlive/2012/texmf-dist/tex/latex/subfigure/subfigure.sty
Package: subfigure 2002/03/15 v2.1.5 subfigure package
\subfigtopskip=\skip47
\subfigcapskip=\skip48
\subfigcaptopadj=\dimen129
\subfigbottomskip=\skip49
\subfigcapmargin=\dimen130
\subfiglabelskip=\skip50
\c@subfigure=\count105
\c@lofdepth=\count106
\c@subtable=\count107
\c@lotdepth=\count108

****************************************
* Local config file subfigure.cfg used *
****************************************
(/usr/local/texlive/2012/texmf-dist/tex/latex/subfigure/subfigure.cfg)
\subfig@top=\skip51
\subfig@bottom=\skip52
)
(/usr/local/texlive/2012/texmf-dist/tex/latex/l3packages/xfrac/xfrac.sty
(/usr/local/texlive/2012/texmf-dist/tex/latex/l3packages/l3keys2e/l3keys2e.sty
(/usr/local/texlive/2012/texmf-dist/tex/latex/l3kernel/expl3.sty
(/usr/local/texlive/2012/texmf-dist/tex/latex/l3kernel/l3names.sty
(/usr/local/texlive/2012/texmf-dist/tex/latex/l3kernel/l3bootstrap.sty
Package: l3bootstrap 2011/12/29 v3110 L3 Experimental bootstrap code
)
Package: l3names 2012/03/04 v3494 L3 Experimental namespace for primitives
)
(/usr/local/texlive/2012/texmf-dist/tex/latex/etex-pkg/etex.sty
Package: etex 1998/03/26 v2.0 eTeX basic definition package (PEB)
\et@xins=\count109
)
Package: expl3 2012/04/23 v3570 L3 Experimental code bundle wrapper

(/usr/local/texlive/2012/texmf-dist/tex/latex/graphics/color.sty
Package: color 2005/11/14 v1.0j Standard LaTeX Color (DPC)

(/usr/local/texlive/2012/texmf-dist/tex/latex/latexconfig/color.cfg
File: color.cfg 2007/01/18 v1.5 color configuration of teTeX/TeXLive
)
Package color Info: Driver file: pdftex.def on input line 130.
)
(/usr/local/texlive/2012/texmf-dist/tex/latex/l3kernel/l3basics.sty
Package: l3basics 2012/03/04 v3491 L3 Experimental basic definitions
)
(/usr/local/texlive/2012/texmf-dist/tex/latex/l3kernel/l3expan.sty
Package: l3expan 2012/02/26 v3460 L3 Experimental argument expansion
)
(/usr/local/texlive/2012/texmf-dist/tex/latex/l3kernel/l3tl.sty
Package: l3tl 2012/03/04 v3490 L3 Experimental token lists
)
(/usr/local/texlive/2012/texmf-dist/tex/latex/l3kernel/l3seq.sty
Package: l3seq 2012/03/04 v3490 L3 Experimental sequences and stacks
)
(/usr/local/texlive/2012/texmf-dist/tex/latex/l3kernel/l3int.sty
Package: l3int 2012/03/04 v3490 L3 Experimental integers
\c_max_int=\count110
\l_tmpa_int=\count111
\l_tmpb_int=\count112
\l_tmpc_int=\count113
\g_tmpa_int=\count114
\g_tmpb_int=\count115
)
(/usr/local/texlive/2012/texmf-dist/tex/latex/l3kernel/l3quark.sty
Package: l3quark 2012/02/12 v3384 L3 Experimental quarks
)
(/usr/local/texlive/2012/texmf-dist/tex/latex/l3kernel/l3prg.sty
Package: l3prg 2012/03/04 v3490 L3 Experimental control structures
\g_prg_map_int=\count116
)
(/usr/local/texlive/2012/texmf-dist/tex/latex/l3kernel/l3clist.sty
Package: l3clist 2012/03/04 v3490 L3 Experimental comma separated lists
)
(/usr/local/texlive/2012/texmf-dist/tex/latex/l3kernel/l3token.sty
Package: l3token 2012/03/04 v3491 L3 Experimental token manipulation
)
(/usr/local/texlive/2012/texmf-dist/tex/latex/l3kernel/l3prop.sty
Package: l3prop 2012/03/04 v3490 L3 Experimental property lists
)
(/usr/local/texlive/2012/texmf-dist/tex/latex/l3kernel/l3msg.sty
Package: l3msg 2012/04/23 v3568 L3 Experimental messages
)
(/usr/local/texlive/2012/texmf-dist/tex/latex/l3kernel/l3file.sty
Package: l3file 2012/03/09 v3520 L3 Experimental file and I/O operations
\l_iow_stream_int=\count117
\l_iow_line_length_int=\count118
\l_iow_target_length_int=\count119
\l_iow_current_line_int=\count120
\l_iow_current_word_int=\count121
\l_iow_current_indentation_int=\count122
)
(/usr/local/texlive/2012/texmf-dist/tex/latex/l3kernel/l3skip.sty
Package: l3skip 2012/03/05 v3499 L3 Experimental dimensions and skips
\l_tmpa_dim=\dimen131
\l_tmpb_dim=\dimen132
\l_tmpc_dim=\dimen133
\g_tmpa_dim=\dimen134
\g_tmpb_dim=\dimen135
\l_tmpa_skip=\skip53
\l_tmpb_skip=\skip54
\l_tmpc_skip=\skip55
\g_tmpa_skip=\skip56
\g_tmpb_skip=\skip57
)
(/usr/local/texlive/2012/texmf-dist/tex/latex/l3kernel/l3keys.sty
Package: l3keys 2012/03/03 v3487 L3 Experimental key-value interfaces
\g_keyval_level_int=\count123
\l_keys_choice_int=\count124
)
(/usr/local/texlive/2012/texmf-dist/tex/latex/l3kernel/l3fp.sty
Package: l3fp 2012/03/04 v3490 L3 Experimental floating-point operations
\c_one_million=\count125
\c_one_hundred_million=\count126
\c_five_hundred_million=\count127
\c_one_thousand_million=\count128
\c_fp_pi_by_four_decimal_int=\count129
\c_fp_pi_by_four_extended_int=\count130
\c_fp_pi_decimal_int=\count131
\c_fp_pi_extended_int=\count132
\c_fp_two_pi_decimal_int=\count133
\c_fp_two_pi_extended_int=\count134
\l_fp_count_int=\count135
\l_fp_div_offset_int=\count136
\l_fp_exp_integer_int=\count137
\l_fp_exp_decimal_int=\count138
\l_fp_exp_extended_int=\count139
\l_fp_exp_exponent_int=\count140
\l_fp_input_a_sign_int=\count141
\l_fp_input_a_integer_int=\count142
\l_fp_input_a_decimal_int=\count143
\l_fp_input_a_exponent_int=\count144
\l_fp_input_b_sign_int=\count145
\l_fp_input_b_integer_int=\count146
\l_fp_input_b_decimal_int=\count147
\l_fp_input_b_exponent_int=\count148
\l_fp_input_a_extended_int=\count149
\l_fp_input_b_extended_int=\count150
\l_fp_mul_a_i_int=\count151
\l_fp_mul_a_ii_int=\count152
\l_fp_mul_a_iii_int=\count153
\l_fp_mul_a_iv_int=\count154
\l_fp_mul_a_v_int=\count155
\l_fp_mul_a_vi_int=\count156
\l_fp_mul_b_i_int=\count157
\l_fp_mul_b_ii_int=\count158
\l_fp_mul_b_iii_int=\count159
\l_fp_mul_b_iv_int=\count160
\l_fp_mul_b_v_int=\count161
\l_fp_mul_b_vi_int=\count162
\l_fp_mul_output_int=\count163
\l_fp_output_sign_int=\count164
\l_fp_output_integer_int=\count165
\l_fp_output_decimal_int=\count166
\l_fp_output_exponent_int=\count167
\l_fp_output_extended_int=\count168
\l_fp_round_position_int=\count169
\l_fp_round_target_int=\count170
\l_fp_split_sign_int=\count171
\l_fp_internal_int=\count172
\l_fp_trig_octant_int=\count173
\l_fp_trig_sign_int=\count174
\l_fp_trig_decimal_int=\count175
\l_fp_trig_extended_int=\count176
\l_fp_internal_dim=\dimen136
\l_fp_internal_skip=\skip58
)
(/usr/local/texlive/2012/texmf-dist/tex/latex/l3kernel/l3box.sty
Package: l3box 2012/03/04 v3490 L3 Experimental boxes
\l_tmpb_box=\box29
\l_box_top_dim=\dimen137
\l_box_bottom_dim=\dimen138
\l_box_left_dim=\dimen139
\l_box_right_dim=\dimen140
\l_box_top_new_dim=\dimen141
\l_box_bottom_new_dim=\dimen142
\l_box_left_new_dim=\dimen143
\l_box_right_new_dim=\dimen144
\l_box_internal_box=\box30
)
(/usr/local/texlive/2012/texmf-dist/tex/latex/l3kernel/l3coffins.sty
Package: l3coffins 2012/03/03 v3482 L3 Experimental coffin code layer
\l_coffin_internal_box=\box31
\l_coffin_internal_dim=\dimen145
\l_coffin_offset_x_dim=\dimen146
\l_coffin_offset_y_dim=\dimen147
\l_coffin_x_dim=\dimen148
\l_coffin_y_dim=\dimen149
\l_coffin_x_prime_dim=\dimen150
\l_coffin_y_prime_dim=\dimen151
\l_coffin_Depth_dim=\dimen152
\l_coffin_Height_dim=\dimen153
\l_coffin_TotalHeight_dim=\dimen154
\l_coffin_Width_dim=\dimen155
\c_empty_coffin=\box32
\l_coffin_aligned_coffin=\box33
\l_coffin_aligned_internal_coffin=\box34
\l_coffin_bounding_shift_dim=\dimen156
\l_coffin_left_corner_dim=\dimen157
\l_coffin_right_corner_dim=\dimen158
\l_coffin_bottom_corner_dim=\dimen159
\l_coffin_top_corner_dim=\dimen160
\l_coffin_scaled_total_height_dim=\dimen161
\l_coffin_scaled_width_dim=\dimen162
\l_coffin_display_coffin=\box35
\l_coffin_display_coord_coffin=\box36
\l_coffin_display_pole_coffin=\box37
\l_coffin_display_offset_dim=\dimen163
\l_coffin_display_x_dim=\dimen164
\l_coffin_display_y_dim=\dimen165
)
(/usr/local/texlive/2012/texmf-dist/tex/latex/l3kernel/l3color.sty
Package: l3color 2011/09/07 v2776 L3 Experimental colour support
)
(/usr/local/texlive/2012/texmf-dist/tex/latex/l3kernel/l3luatex.sty
Package: l3luatex 2012/02/09 v3355 L3 Experimental LuaTeX-specific functions
\g_cctab_allocate_int=\count177
\g_cctab_stack_int=\count178
))
(/usr/local/texlive/2012/texmf-dist/tex/latex/l3packages/xparse/xparse.sty
Package: xparse 2012/04/23 v3570 L3 Experimental document command parser
\l_xparse_current_arg_int=\count179
\l_xparse_m_args_int=\count180
\l_xparse_mandatory_args_int=\count181
\l_xparse_processor_int=\count182
\l_xparse_v_nesting_int=\count183
)
Package: l3keys2e 2012/04/23 v3570 LaTeX2e option processing using LaTeX3 keys
)
(/usr/local/texlive/2012/texmf-dist/tex/latex/base/textcomp.sty
Package: textcomp 2005/09/27 v1.99g Standard LaTeX package
Package textcomp Info: Sub-encoding information:
(textcomp)               5 = only ISO-Adobe without \textcurrency
(textcomp)               4 = 5 + \texteuro
(textcomp)               3 = 4 + \textohm
(textcomp)               2 = 3 + \textestimated + \textcurrency
(textcomp)               1 = TS1 - \textcircled - \t
(textcomp)               0 = TS1 (full)
(textcomp)             Font families with sub-encoding setting implement
(textcomp)             only a restricted character set as indicated.
(textcomp)             Family '?' is the default used for unknown fonts.
(textcomp)             See the documentation for details.
Package textcomp Info: Setting ? sub-encoding to TS1/1 on input line 71.

(/usr/local/texlive/2012/texmf-dist/tex/latex/base/ts1enc.def
File: ts1enc.def 2001/06/05 v3.0e (jk/car/fm) Standard LaTeX file
Now handling font encoding TS1 ...
... processing UTF-8 mapping file for font encoding TS1

(/usr/local/texlive/2012/texmf-dist/tex/latex/base/ts1enc.dfu
File: ts1enc.dfu 2008/04/05 v1.1m UTF-8 support for inputenc
   defining Unicode char U+00A2 (decimal 162)
   defining Unicode char U+00A3 (decimal 163)
   defining Unicode char U+00A4 (decimal 164)
   defining Unicode char U+00A5 (decimal 165)
   defining Unicode char U+00A6 (decimal 166)
   defining Unicode char U+00A7 (decimal 167)
   defining Unicode char U+00A8 (decimal 168)
   defining Unicode char U+00A9 (decimal 169)
   defining Unicode char U+00AA (decimal 170)
   defining Unicode char U+00AC (decimal 172)
   defining Unicode char U+00AE (decimal 174)
   defining Unicode char U+00AF (decimal 175)
   defining Unicode char U+00B0 (decimal 176)
   defining Unicode char U+00B1 (decimal 177)
   defining Unicode char U+00B2 (decimal 178)
   defining Unicode char U+00B3 (decimal 179)
   defining Unicode char U+00B4 (decimal 180)
   defining Unicode char U+00B5 (decimal 181)
   defining Unicode char U+00B6 (decimal 182)
   defining Unicode char U+00B7 (decimal 183)
   defining Unicode char U+00B9 (decimal 185)
   defining Unicode char U+00BA (decimal 186)
   defining Unicode char U+00BC (decimal 188)
   defining Unicode char U+00BD (decimal 189)
   defining Unicode char U+00BE (decimal 190)
   defining Unicode char U+00D7 (decimal 215)
   defining Unicode char U+00F7 (decimal 247)
   defining Unicode char U+0192 (decimal 402)
   defining Unicode char U+02C7 (decimal 711)
   defining Unicode char U+02D8 (decimal 728)
   defining Unicode char U+02DD (decimal 733)
   defining Unicode char U+0E3F (decimal 3647)
   defining Unicode char U+2016 (decimal 8214)
   defining Unicode char U+2020 (decimal 8224)
   defining Unicode char U+2021 (decimal 8225)
   defining Unicode char U+2022 (decimal 8226)
   defining Unicode char U+2030 (decimal 8240)
   defining Unicode char U+2031 (decimal 8241)
   defining Unicode char U+203B (decimal 8251)
   defining Unicode char U+203D (decimal 8253)
   defining Unicode char U+2044 (decimal 8260)
   defining Unicode char U+204E (decimal 8270)
   defining Unicode char U+2052 (decimal 8274)
   defining Unicode char U+20A1 (decimal 8353)
   defining Unicode char U+20A4 (decimal 8356)
   defining Unicode char U+20A6 (decimal 8358)
   defining Unicode char U+20A9 (decimal 8361)
   defining Unicode char U+20AB (decimal 8363)
   defining Unicode char U+20AC (decimal 8364)
   defining Unicode char U+20B1 (decimal 8369)
   defining Unicode char U+2103 (decimal 8451)
   defining Unicode char U+2116 (decimal 8470)
   defining Unicode char U+2117 (decimal 8471)
   defining Unicode char U+211E (decimal 8478)
   defining Unicode char U+2120 (decimal 8480)
   defining Unicode char U+2122 (decimal 8482)
   defining Unicode char U+2126 (decimal 8486)
   defining Unicode char U+2127 (decimal 8487)
   defining Unicode char U+212E (decimal 8494)
   defining Unicode char U+2190 (decimal 8592)
   defining Unicode char U+2191 (decimal 8593)
   defining Unicode char U+2192 (decimal 8594)
   defining Unicode char U+2193 (decimal 8595)
   defining Unicode char U+2329 (decimal 9001)
   defining Unicode char U+232A (decimal 9002)
   defining Unicode char U+2422 (decimal 9250)
   defining Unicode char U+25E6 (decimal 9702)
   defining Unicode char U+25EF (decimal 9711)
   defining Unicode char U+266A (decimal 9834)
))
LaTeX Info: Redefining \oldstylenums on input line 266.
Package textcomp Info: Setting cmr sub-encoding to TS1/0 on input line 281.
Package textcomp Info: Setting cmss sub-encoding to TS1/0 on input line 282.
Package textcomp Info: Setting cmtt sub-encoding to TS1/0 on input line 283.
Package textcomp Info: Setting cmvtt sub-encoding to TS1/0 on input line 284.
Package textcomp Info: Setting cmbr sub-encoding to TS1/0 on input line 285.
Package textcomp Info: Setting cmtl sub-encoding to TS1/0 on input line 286.
Package textcomp Info: Setting ccr sub-encoding to TS1/0 on input line 287.
Package textcomp Info: Setting ptm sub-encoding to TS1/4 on input line 288.
Package textcomp Info: Setting pcr sub-encoding to TS1/4 on input line 289.
Package textcomp Info: Setting phv sub-encoding to TS1/4 on input line 290.
Package textcomp Info: Setting ppl sub-encoding to TS1/3 on input line 291.
Package textcomp Info: Setting pag sub-encoding to TS1/4 on input line 292.
Package textcomp Info: Setting pbk sub-encoding to TS1/4 on input line 293.
Package textcomp Info: Setting pnc sub-encoding to TS1/4 on input line 294.
Package textcomp Info: Setting pzc sub-encoding to TS1/4 on input line 295.
Package textcomp Info: Setting bch sub-encoding to TS1/4 on input line 296.
Package textcomp Info: Setting put sub-encoding to TS1/5 on input line 297.
Package textcomp Info: Setting uag sub-encoding to TS1/5 on input line 298.
Package textcomp Info: Setting ugq sub-encoding to TS1/5 on input line 299.
Package textcomp Info: Setting ul8 sub-encoding to TS1/4 on input line 300.
Package textcomp Info: Setting ul9 sub-encoding to TS1/4 on input line 301.
Package textcomp Info: Setting augie sub-encoding to TS1/5 on input line 302.
Package textcomp Info: Setting dayrom sub-encoding to TS1/3 on input line 303.
Package textcomp Info: Setting dayroms sub-encoding to TS1/3 on input line 304.

Package textcomp Info: Setting pxr sub-encoding to TS1/0 on input line 305.
Package textcomp Info: Setting pxss sub-encoding to TS1/0 on input line 306.
Package textcomp Info: Setting pxtt sub-encoding to TS1/0 on input line 307.
Package textcomp Info: Setting txr sub-encoding to TS1/0 on input line 308.
Package textcomp Info: Setting txss sub-encoding to TS1/0 on input line 309.
Package textcomp Info: Setting txtt sub-encoding to TS1/0 on input line 310.
Package textcomp Info: Setting lmr sub-encoding to TS1/0 on input line 311.
Package textcomp Info: Setting lmdh sub-encoding to TS1/0 on input line 312.
Package textcomp Info: Setting lmss sub-encoding to TS1/0 on input line 313.
Package textcomp Info: Setting lmssq sub-encoding to TS1/0 on input line 314.
Package textcomp Info: Setting lmvtt sub-encoding to TS1/0 on input line 315.
Package textcomp Info: Setting qhv sub-encoding to TS1/0 on input line 316.
Package textcomp Info: Setting qag sub-encoding to TS1/0 on input line 317.
Package textcomp Info: Setting qbk sub-encoding to TS1/0 on input line 318.
Package textcomp Info: Setting qcr sub-encoding to TS1/0 on input line 319.
Package textcomp Info: Setting qcs sub-encoding to TS1/0 on input line 320.
Package textcomp Info: Setting qpl sub-encoding to TS1/0 on input line 321.
Package textcomp Info: Setting qtm sub-encoding to TS1/0 on input line 322.
Package textcomp Info: Setting qzc sub-encoding to TS1/0 on input line 323.
Package textcomp Info: Setting qhvc sub-encoding to TS1/0 on input line 324.
Package textcomp Info: Setting futs sub-encoding to TS1/4 on input line 325.
Package textcomp Info: Setting futx sub-encoding to TS1/4 on input line 326.
Package textcomp Info: Setting futj sub-encoding to TS1/4 on input line 327.
Package textcomp Info: Setting hlh sub-encoding to TS1/3 on input line 328.
Package textcomp Info: Setting hls sub-encoding to TS1/3 on input line 329.
Package textcomp Info: Setting hlst sub-encoding to TS1/3 on input line 330.
Package textcomp Info: Setting hlct sub-encoding to TS1/5 on input line 331.
Package textcomp Info: Setting hlx sub-encoding to TS1/5 on input line 332.
Package textcomp Info: Setting hlce sub-encoding to TS1/5 on input line 333.
Package textcomp Info: Setting hlcn sub-encoding to TS1/5 on input line 334.
Package textcomp Info: Setting hlcw sub-encoding to TS1/5 on input line 335.
Package textcomp Info: Setting hlcf sub-encoding to TS1/5 on input line 336.
Package textcomp Info: Setting pplx sub-encoding to TS1/3 on input line 337.
Package textcomp Info: Setting pplj sub-encoding to TS1/3 on input line 338.
Package textcomp Info: Setting ptmx sub-encoding to TS1/4 on input line 339.
Package textcomp Info: Setting ptmj sub-encoding to TS1/4 on input line 340.
)
(/usr/local/texlive/2012/texmf-dist/tex/latex/l3packages/xtemplate/xtemplate.st
y
Package: xtemplate 2012/04/23 v3570 L3 Experimental prototype document function
s
\l_xtemplate_tmp_dim=\dimen166
\l_xtemplate_tmp_int=\count184
\l_xtemplate_tmp_muskip=\muskip11
\l_xtemplate_tmp_skip=\skip59
Variant \prop_get:NoNTF already defined; not changing it on line 105
Variant \prop_get:NoNT already defined; not changing it on line 106
Variant \prop_get:NoNF already defined; not changing it on line 107
)
Package: xfrac 2012/02/26 v3465 L3 Experimental split-level fractions
\l_xfrac_slash_box=\box38
\l_xfrac_tmp_box=\box39
\l_xfrac_denominator_bot_sep_dim=\dimen167
\l_xfrac_numerator_bot_sep_dim=\dimen168
\l_xfrac_numerator_top_sep_dim=\dimen169
\l_xfrac_slash_left_sep_dim=\dimen170
\l_xfrac_slash_right_sep_dim=\dimen171
\l_xfrac_slash_left_muskip=\muskip12
\l_xfrac_slash_right_muskip=\muskip13
.................................................
. xtemplate info: "declare-object-type"
. 
. Declaring object type 'xfrac' taking 3 argument(s) on line 96.
.................................................
.................................................
. LaTeX info: "xparse/define-command"
. 
. Defining document command \sfrac with arg. spec. 'omom' on line 436.
.................................................
) (/usr/local/texlive/2012/texmf-dist/tex/latex/listings/listings.sty
\lst@mode=\count185
\lst@gtempboxa=\box40
\lst@token=\toks23
\lst@length=\count186
\lst@currlwidth=\dimen172
\lst@column=\count187
\lst@pos=\count188
\lst@lostspace=\dimen173
\lst@width=\dimen174
\lst@newlines=\count189
\lst@lineno=\count190
\lst@maxwidth=\dimen175

(/usr/local/texlive/2012/texmf-dist/tex/latex/listings/lstmisc.sty
File: lstmisc.sty 2007/02/22 1.4 (Carsten Heinz)
\c@lstnumber=\count191
\lst@skipnumbers=\count192
\lst@framebox=\box41
)
(/usr/local/texlive/2012/texmf-dist/tex/latex/listings/listings.cfg
File: listings.cfg 2007/02/22 1.4 listings configuration
))
Package: listings 2007/02/22 1.4 (Carsten Heinz)

(/usr/local/texlive/2012/texmf-dist/tex/latex/tools/indentfirst.sty
Package: indentfirst 1995/11/23 v1.03 Indent first paragraph (DPC)
)
(/usr/local/texlive/2012/texmf-dist/tex/latex/cite/cite.sty
LaTeX Info: Redefining \cite on input line 302.
LaTeX Info: Redefining \nocite on input line 373.
Package: cite 2010/09/10  v 5.3
) (./finalreport.aux)
\openout1 = `finalreport.aux'.

LaTeX Font Info:    Checking defaults for OML/cmm/m/it on input line 22.
LaTeX Font Info:    ... okay on input line 22.
LaTeX Font Info:    Checking defaults for T1/cmr/m/n on input line 22.
LaTeX Font Info:    ... okay on input line 22.
LaTeX Font Info:    Checking defaults for OT1/cmr/m/n on input line 22.
LaTeX Font Info:    ... okay on input line 22.
LaTeX Font Info:    Checking defaults for OMS/cmsy/m/n on input line 22.
LaTeX Font Info:    ... okay on input line 22.
LaTeX Font Info:    Checking defaults for OMX/cmex/m/n on input line 22.
LaTeX Font Info:    ... okay on input line 22.
LaTeX Font Info:    Checking defaults for U/cmr/m/n on input line 22.
LaTeX Font Info:    ... okay on input line 22.
LaTeX Font Info:    Checking defaults for TS1/cmr/m/n on input line 22.
LaTeX Font Info:    Try loading font information for TS1+cmr on input line 22.
 (/usr/local/texlive/2012/texmf-dist/tex/latex/base/ts1cmr.fd
File: ts1cmr.fd 1999/05/25 v2.5h Standard LaTeX font definitions
)
LaTeX Font Info:    ... okay on input line 22.

(/usr/local/texlive/2012/texmf-dist/tex/context/base/supp-pdf.mkii
[Loading MPS to PDF converter (version 2006.09.02).]
\scratchcounter=\count193
\scratchdimen=\dimen176
\scratchbox=\box42
\nofMPsegments=\count194
\nofMParguments=\count195
\everyMPshowfont=\toks24
\MPscratchCnt=\count196
\MPscratchDim=\dimen177
\MPnumerator=\count197
\makeMPintoPDFobject=\count198
\everyMPtoPDFconversion=\toks25
) (/usr/local/texlive/2012/texmf-dist/tex/generic/oberdiek/pdftexcmds.sty
Package: pdftexcmds 2011/11/29 v0.20 Utility functions of pdfTeX for LuaTeX (HO
)

(/usr/local/texlive/2012/texmf-dist/tex/generic/oberdiek/ifluatex.sty
Package: ifluatex 2010/03/01 v1.3 Provides the ifluatex switch (HO)
Package ifluatex Info: LuaTeX not detected.
)
(/usr/local/texlive/2012/texmf-dist/tex/generic/oberdiek/ifpdf.sty
Package: ifpdf 2011/01/30 v2.3 Provides the ifpdf switch (HO)
Package ifpdf Info: pdfTeX in PDF mode is detected.
)
Package pdftexcmds Info: LuaTeX not detected.
Package pdftexcmds Info: \pdf@primitive is available.
Package pdftexcmds Info: \pdf@ifprimitive is available.
Package pdftexcmds Info: \pdfdraftmode found.
)
(/usr/local/texlive/2012/texmf-dist/tex/latex/oberdiek/epstopdf-base.sty
Package: epstopdf-base 2010/02/09 v2.5 Base part for package epstopdf

(/usr/local/texlive/2012/texmf-dist/tex/latex/oberdiek/grfext.sty
Package: grfext 2010/08/19 v1.1 Manage graphics extensions (HO)

(/usr/local/texlive/2012/texmf-dist/tex/generic/oberdiek/kvdefinekeys.sty
Package: kvdefinekeys 2011/04/07 v1.3 Define keys (HO)
))
(/usr/local/texlive/2012/texmf-dist/tex/latex/oberdiek/kvoptions.sty
Package: kvoptions 2011/06/30 v3.11 Key value format for package options (HO)

(/usr/local/texlive/2012/texmf-dist/tex/generic/oberdiek/kvsetkeys.sty
Package: kvsetkeys 2012/04/25 v1.16 Key value parser (HO)

(/usr/local/texlive/2012/texmf-dist/tex/generic/oberdiek/etexcmds.sty
Package: etexcmds 2011/02/16 v1.5 Avoid name clashes with e-TeX commands (HO)
Package etexcmds Info: Could not find \expanded.
(etexcmds)             That can mean that you are not using pdfTeX 1.50 or
(etexcmds)             that some package has redefined \expanded.
(etexcmds)             In the latter case, load this package earlier.
)))
Package grfext Info: Graphics extension search list:
(grfext)             [.png,.pdf,.jpg,.mps,.jpeg,.jbig2,.jb2,.PNG,.PDF,.JPG,.JPE
G,.JBIG2,.JB2,.eps]
(grfext)             \AppendGraphicsExtensions on input line 452.

(/usr/local/texlive/2012/texmf-dist/tex/latex/latexconfig/epstopdf-sys.cfg
File: epstopdf-sys.cfg 2010/07/13 v1.3 Configuration of (r)epstopdf for TeX Liv
e
))
\c@lstlisting=\count199
Package epstopdf Info: Source file: <power_delay_profile.eps>
(epstopdf)                    date: 2015-01-23 04:19:40
(epstopdf)                    size: 10299 bytes
(epstopdf)             Output file: <power_delay_profile-eps-converted-to.pdf>
(epstopdf)                    date: 2015-01-23 04:21:59
(epstopdf)                    size: 8215 bytes
(epstopdf)             Command: <repstopdf --outfile=power_delay_profile-eps-co
nverted-to.pdf power_delay_profile.eps>
(epstopdf)             \includegraphics on input line 30.
Package epstopdf Info: Output file is already uptodate.

<power_delay_profile-eps-converted-to.pdf, id=1, 513.92pt x 420.57124pt>
File: power_delay_profile-eps-converted-to.pdf Graphic file (type pdf)

<use power_delay_profile-eps-converted-to.pdf>
Package pdftex.def Info: power_delay_profile-eps-converted-to.pdf used on input
 line 30.
(pdftex.def)             Requested size: 281.85587pt x 230.66032pt.
 [1{/usr/local/texlive/2012/texmf-var/fonts/map/pdftex/updmap/pdftex.map}] [2 <
./power_delay_profile-eps-converted-to.pdf>] [3]
Package epstopdf Info: Source file: <autocorr_compareall_v50.eps>
(epstopdf)                    date: 2015-01-25 20:52:59
(epstopdf)                    size: 13431 bytes
(epstopdf)             Output file: <autocorr_compareall_v50-eps-converted-to.p
df>
(epstopdf)                    date: 2015-01-25 20:53:19
(epstopdf)                    size: 9445 bytes
(epstopdf)             Command: <repstopdf --outfile=autocorr_compareall_v50-ep
s-converted-to.pdf autocorr_compareall_v50.eps>
(epstopdf)             \includegraphics on input line 82.
Package epstopdf Info: Output file is already uptodate.

<autocorr_compareall_v50-eps-converted-to.pdf, id=32, 509.905pt x 407.5225pt>
File: autocorr_compareall_v50-eps-converted-to.pdf Graphic file (type pdf)

<use autocorr_compareall_v50-eps-converted-to.pdf>
Package pdftex.def Info: autocorr_compareall_v50-eps-converted-to.pdf used on i
nput line 82.
(pdftex.def)             Requested size: 281.85587pt x 225.26979pt.
Package epstopdf Info: Source file: <strength_time_class_v50.eps>
(epstopdf)                    date: 2015-01-25 20:52:10
(epstopdf)                    size: 12030 bytes
(epstopdf)             Output file: <strength_time_class_v50-eps-converted-to.p
df>
(epstopdf)                    date: 2015-01-25 20:53:20
(epstopdf)                    size: 8911 bytes
(epstopdf)             Command: <repstopdf --outfile=strength_time_class_v50-ep
s-converted-to.pdf strength_time_class_v50.eps>
(epstopdf)             \includegraphics on input line 89.
Package epstopdf Info: Output file is already uptodate.

<strength_time_class_v50-eps-converted-to.pdf, id=33, 513.92pt x 419.5675pt>
File: strength_time_class_v50-eps-converted-to.pdf Graphic file (type pdf)

<use strength_time_class_v50-eps-converted-to.pdf>
Package pdftex.def Info: strength_time_class_v50-eps-converted-to.pdf used on i
nput line 89.
(pdftex.def)             Requested size: 234.8775pt x 191.75497pt.
Package epstopdf Info: Source file: <strength_time_gaus1_v50.eps>
(epstopdf)                    date: 2015-01-25 20:52:10
(epstopdf)                    size: 11904 bytes
(epstopdf)             Output file: <strength_time_gaus1_v50-eps-converted-to.p
df>
(epstopdf)                    date: 2015-01-25 20:53:21
(epstopdf)                    size: 8998 bytes
(epstopdf)             Command: <repstopdf --outfile=strength_time_gaus1_v50-ep
s-converted-to.pdf strength_time_gaus1_v50.eps>
(epstopdf)             \includegraphics on input line 90.
Package epstopdf Info: Output file is already uptodate.

<strength_time_gaus1_v50-eps-converted-to.pdf, id=34, 521.95pt x 419.5675pt>
File: strength_time_gaus1_v50-eps-converted-to.pdf Graphic file (type pdf)

<use strength_time_gaus1_v50-eps-converted-to.pdf>
Package pdftex.def Info: strength_time_gaus1_v50-eps-converted-to.pdf used on i
nput line 90.
(pdftex.def)             Requested size: 234.8775pt x 188.80362pt.
Package epstopdf Info: Source file: <strength_time_gaus2_v50.eps>
(epstopdf)                    date: 2015-01-25 20:52:10
(epstopdf)                    size: 12230 bytes
(epstopdf)             Output file: <strength_time_gaus2_v50-eps-converted-to.p
df>
(epstopdf)                    date: 2015-01-25 20:53:22
(epstopdf)                    size: 8841 bytes
(epstopdf)             Command: <repstopdf --outfile=strength_time_gaus2_v50-ep
s-converted-to.pdf strength_time_gaus2_v50.eps>
(epstopdf)             \includegraphics on input line 91.
Package epstopdf Info: Output file is already uptodate.

<strength_time_gaus2_v50-eps-converted-to.pdf, id=35, 513.92pt x 419.5675pt>
File: strength_time_gaus2_v50-eps-converted-to.pdf Graphic file (type pdf)

<use strength_time_gaus2_v50-eps-converted-to.pdf>
Package pdftex.def Info: strength_time_gaus2_v50-eps-converted-to.pdf used on i
nput line 91.
(pdftex.def)             Requested size: 234.8775pt x 191.75497pt.


LaTeX Warning: Float too large for page by 32.9524pt on input line 93.

Package epstopdf Info: Source file: <psd_class_v50.eps>
(epstopdf)                    date: 2015-01-23 04:21:31
(epstopdf)                    size: 10693 bytes
(epstopdf)             Output file: <psd_class_v50-eps-converted-to.pdf>
(epstopdf)                    date: 2015-01-23 04:22:00
(epstopdf)                    size: 7980 bytes
(epstopdf)             Command: <repstopdf --outfile=psd_class_v50-eps-converte
d-to.pdf psd_class_v50.eps>
(epstopdf)             \includegraphics on input line 100.
Package epstopdf Info: Output file is already uptodate.
<psd_class_v50-eps-converted-to.pdf, id=36, 490.83376pt x 419.5675pt>
File: psd_class_v50-eps-converted-to.pdf Graphic file (type pdf)

<use psd_class_v50-eps-converted-to.pdf>
Package pdftex.def Info: psd_class_v50-eps-converted-to.pdf used on input line 
100.
(pdftex.def)             Requested size: 234.8775pt x 200.7755pt.
Package epstopdf Info: Source file: <psd_gaus1_v50.eps>
(epstopdf)                    date: 2015-01-23 04:21:31
(epstopdf)                    size: 10561 bytes
(epstopdf)             Output file: <psd_gaus1_v50-eps-converted-to.pdf>
(epstopdf)                    date: 2015-01-23 04:22:01
(epstopdf)                    size: 7952 bytes
(epstopdf)             Command: <repstopdf --outfile=psd_gaus1_v50-eps-converte
d-to.pdf psd_gaus1_v50.eps>
(epstopdf)             \includegraphics on input line 101.
Package epstopdf Info: Output file is already uptodate.

<psd_gaus1_v50-eps-converted-to.pdf, id=37, 498.86375pt x 419.5675pt>
File: psd_gaus1_v50-eps-converted-to.pdf Graphic file (type pdf)

<use psd_gaus1_v50-eps-converted-to.pdf>
Package pdftex.def Info: psd_gaus1_v50-eps-converted-to.pdf used on input line 
101.
(pdftex.def)             Requested size: 234.8775pt x 197.54245pt.
Package epstopdf Info: Source file: <psd_gaus2_v50.eps>
(epstopdf)                    date: 2015-01-23 04:21:31
(epstopdf)                    size: 10434 bytes
(epstopdf)             Output file: <psd_gaus2_v50-eps-converted-to.pdf>
(epstopdf)                    date: 2015-01-23 04:22:02
(epstopdf)                    size: 7694 bytes
(epstopdf)             Command: <repstopdf --outfile=psd_gaus2_v50-eps-converte
d-to.pdf psd_gaus2_v50.eps>
(epstopdf)             \includegraphics on input line 102.
Package epstopdf Info: Output file is already uptodate.

<psd_gaus2_v50-eps-converted-to.pdf, id=38, 505.89pt x 419.5675pt>
File: psd_gaus2_v50-eps-converted-to.pdf Graphic file (type pdf)

<use psd_gaus2_v50-eps-converted-to.pdf>
Package pdftex.def Info: psd_gaus2_v50-eps-converted-to.pdf used on input line 
102.
(pdftex.def)             Requested size: 234.8775pt x 194.80237pt.


LaTeX Warning: Float too large for page by 54.81218pt on input line 104.

Package epstopdf Info: Source file: <crosscorr_v50.eps>
(epstopdf)                    date: 2015-01-25 20:52:56
(epstopdf)                    size: 13216 bytes
(epstopdf)             Output file: <crosscorr_v50-eps-converted-to.pdf>
(epstopdf)                    date: 2015-01-25 20:53:23
(epstopdf)                    size: 9195 bytes
(epstopdf)             Command: <repstopdf --outfile=crosscorr_v50-eps-converte
d-to.pdf crosscorr_v50.eps>
(epstopdf)             \includegraphics on input line 112.
Package epstopdf Info: Output file is already uptodate.
<crosscorr_v50-eps-converted-to.pdf, id=39, 509.905pt x 407.5225pt>
File: crosscorr_v50-eps-converted-to.pdf Graphic file (type pdf)

<use crosscorr_v50-eps-converted-to.pdf>
Package pdftex.def Info: crosscorr_v50-eps-converted-to.pdf used on input line 
112.
(pdftex.def)             Requested size: 281.85587pt x 225.26979pt.
Package epstopdf Info: Source file: <fading_gain_distribution_v50.eps>
(epstopdf)                    date: 2015-01-23 04:10:13
(epstopdf)                    size: 699239 bytes
(epstopdf)             Output file: <fading_gain_distribution_v50-eps-converted
-to.pdf>
(epstopdf)                    date: 2015-01-23 04:11:11
(epstopdf)                    size: 84021 bytes
(epstopdf)             Command: <repstopdf --outfile=fading_gain_distribution_v
50-eps-converted-to.pdf fading_gain_distribution_v50.eps>
(epstopdf)             \includegraphics on input line 122.
Package epstopdf Info: Output file is already uptodate.

<fading_gain_distribution_v50-eps-converted-to.pdf, id=40, 501.875pt x 419.5675
pt>
File: fading_gain_distribution_v50-eps-converted-to.pdf Graphic file (type pdf)

 <use fading_gain_distribution_v50-eps-converted-to.pdf>
Package pdftex.def Info: fading_gain_distribution_v50-eps-converted-to.pdf used
 on input line 122.
(pdftex.def)             Requested size: 211.3883pt x 176.7229pt.
Package epstopdf Info: Source file: <fading_gain_distribution_v90.eps>
(epstopdf)                    date: 2015-01-25 20:51:02
(epstopdf)                    size: 699775 bytes
(epstopdf)             Output file: <fading_gain_distribution_v90-eps-converted
-to.pdf>
(epstopdf)                    date: 2015-01-25 20:53:24
(epstopdf)                    size: 88857 bytes
(epstopdf)             Command: <repstopdf --outfile=fading_gain_distribution_v
90-eps-converted-to.pdf fading_gain_distribution_v90.eps>
(epstopdf)             \includegraphics on input line 123.
Package epstopdf Info: Output file is already uptodate.

<fading_gain_distribution_v90-eps-converted-to.pdf, id=41, 501.875pt x 419.5675
pt>
File: fading_gain_distribution_v90-eps-converted-to.pdf Graphic file (type pdf)

 <use fading_gain_distribution_v90-eps-converted-to.pdf>
Package pdftex.def Info: fading_gain_distribution_v90-eps-converted-to.pdf used
 on input line 123.
(pdftex.def)             Requested size: 211.3883pt x 176.7229pt.
Package epstopdf Info: Source file: <strength_time_v50.eps>
(epstopdf)                    date: 2015-01-25 20:52:26
(epstopdf)                    size: 11823 bytes
(epstopdf)             Output file: <strength_time_v50-eps-converted-to.pdf>
(epstopdf)                    date: 2015-01-25 20:53:25
(epstopdf)                    size: 8727 bytes
(epstopdf)             Command: <repstopdf --outfile=strength_time_v50-eps-conv
erted-to.pdf strength_time_v50.eps>
(epstopdf)             \includegraphics on input line 130.
Package epstopdf Info: Output file is already uptodate.

<strength_time_v50-eps-converted-to.pdf, id=42, 521.95pt x 419.5675pt>
File: strength_time_v50-eps-converted-to.pdf Graphic file (type pdf)

<use strength_time_v50-eps-converted-to.pdf>
Package pdftex.def Info: strength_time_v50-eps-converted-to.pdf used on input l
ine 130.
(pdftex.def)             Requested size: 211.3883pt x 169.9239pt.
Package epstopdf Info: Source file: <strength_time_v90.eps>
(epstopdf)                    date: 2015-01-25 20:51:02
(epstopdf)                    size: 12158 bytes
(epstopdf)             Output file: <strength_time_v90-eps-converted-to.pdf>
(epstopdf)                    date: 2015-01-25 20:53:26
(epstopdf)                    size: 8700 bytes
(epstopdf)             Command: <repstopdf --outfile=strength_time_v90-eps-conv
erted-to.pdf strength_time_v90.eps>
(epstopdf)             \includegraphics on input line 131.
Package epstopdf Info: Output file is already uptodate.

<strength_time_v90-eps-converted-to.pdf, id=43, 513.92pt x 419.5675pt>
File: strength_time_v90-eps-converted-to.pdf Graphic file (type pdf)

<use strength_time_v90-eps-converted-to.pdf>
Package pdftex.def Info: strength_time_v90-eps-converted-to.pdf used on input l
ine 131.
(pdftex.def)             Requested size: 211.3883pt x 172.58076pt.
Package epstopdf Info: Source file: <autocorr_channel_time_v50.eps>
(epstopdf)                    date: 2015-01-25 20:52:29
(epstopdf)                    size: 11188 bytes
(epstopdf)             Output file: <autocorr_channel_time_v50-eps-converted-to
.pdf>
(epstopdf)                    date: 2015-01-25 20:53:27
(epstopdf)                    size: 8132 bytes
(epstopdf)             Command: <repstopdf --outfile=autocorr_channel_time_v50-
eps-converted-to.pdf autocorr_channel_time_v50.eps>
(epstopdf)             \includegraphics on input line 138.
Package epstopdf Info: Output file is already uptodate.

<autocorr_channel_time_v50-eps-converted-to.pdf, id=44, 509.905pt x 425.59pt>
File: autocorr_channel_time_v50-eps-converted-to.pdf Graphic file (type pdf)

<use autocorr_channel_time_v50-eps-converted-to.pdf>
Package pdftex.def Info: autocorr_channel_time_v50-eps-converted-to.pdf used on
 input line 138.
(pdftex.def)             Requested size: 211.3883pt x 176.43472pt.
Package epstopdf Info: Source file: <autocorr_channel_time_v90.eps>
(epstopdf)                    date: 2015-01-25 20:51:02
(epstopdf)                    size: 10650 bytes
(epstopdf)             Output file: <autocorr_channel_time_v90-eps-converted-to
.pdf>
(epstopdf)                    date: 2015-01-25 20:53:28
(epstopdf)                    size: 7816 bytes
(epstopdf)             Command: <repstopdf --outfile=autocorr_channel_time_v90-
eps-converted-to.pdf autocorr_channel_time_v90.eps>
(epstopdf)             \includegraphics on input line 139.
Package epstopdf Info: Output file is already uptodate.

<autocorr_channel_time_v90-eps-converted-to.pdf, id=45, 509.905pt x 425.59pt>
File: autocorr_channel_time_v90-eps-converted-to.pdf Graphic file (type pdf)

<use autocorr_channel_time_v90-eps-converted-to.pdf>
Package pdftex.def Info: autocorr_channel_time_v90-eps-converted-to.pdf used on
 input line 139.
(pdftex.def)             Requested size: 211.3883pt x 176.43472pt.
Package epstopdf Info: Source file: <crossingrate_v50.eps>
(epstopdf)                    date: 2015-01-25 20:52:34
(epstopdf)                    size: 10666 bytes
(epstopdf)             Output file: <crossingrate_v50-eps-converted-to.pdf>
(epstopdf)                    date: 2015-01-25 20:53:29
(epstopdf)                    size: 7837 bytes
(epstopdf)             Command: <repstopdf --outfile=crossingrate_v50-eps-conve
rted-to.pdf crossingrate_v50.eps>
(epstopdf)             \includegraphics on input line 146.
Package epstopdf Info: Output file is already uptodate.

<crossingrate_v50-eps-converted-to.pdf, id=46, 514.92375pt x 419.5675pt>
File: crossingrate_v50-eps-converted-to.pdf Graphic file (type pdf)

<use crossingrate_v50-eps-converted-to.pdf>
Package pdftex.def Info: crossingrate_v50-eps-converted-to.pdf used on input li
ne 146.
(pdftex.def)             Requested size: 211.3883pt x 172.24146pt.
Package epstopdf Info: Source file: <avgfade_duration_v50.eps>
(epstopdf)                    date: 2015-01-25 20:52:35
(epstopdf)                    size: 10685 bytes
(epstopdf)             Output file: <avgfade_duration_v50-eps-converted-to.pdf>

(epstopdf)                    date: 2015-01-25 20:53:30
(epstopdf)                    size: 7841 bytes
(epstopdf)             Command: <repstopdf --outfile=avgfade_duration_v50-eps-c
onverted-to.pdf avgfade_duration_v50.eps>
(epstopdf)             \includegraphics on input line 147.
Package epstopdf Info: Output file is already uptodate.

<avgfade_duration_v50-eps-converted-to.pdf, id=47, 510.90875pt x 419.5675pt>
File: avgfade_duration_v50-eps-converted-to.pdf Graphic file (type pdf)

<use avgfade_duration_v50-eps-converted-to.pdf>
Package pdftex.def Info: avgfade_duration_v50-eps-converted-to.pdf used on inpu
t line 147.
(pdftex.def)             Requested size: 211.3883pt x 173.59229pt.
Package epstopdf Info: Source file: <crossingrate_v90.eps>
(epstopdf)                    date: 2015-01-25 20:51:03
(epstopdf)                    size: 10545 bytes
(epstopdf)             Output file: <crossingrate_v90-eps-converted-to.pdf>
(epstopdf)                    date: 2015-01-25 20:53:31
(epstopdf)                    size: 7511 bytes
(epstopdf)             Command: <repstopdf --outfile=crossingrate_v90-eps-conve
rted-to.pdf crossingrate_v90.eps>
(epstopdf)             \includegraphics on input line 154.
Package epstopdf Info: Output file is already uptodate.

<crossingrate_v90-eps-converted-to.pdf, id=48, 514.92375pt x 419.5675pt>
File: crossingrate_v90-eps-converted-to.pdf Graphic file (type pdf)

<use crossingrate_v90-eps-converted-to.pdf>
Package pdftex.def Info: crossingrate_v90-eps-converted-to.pdf used on input li
ne 154.
(pdftex.def)             Requested size: 211.3883pt x 172.24146pt.
Package epstopdf Info: Source file: <avgfade_duration_v90.eps>
(epstopdf)                    date: 2015-01-25 20:51:03
(epstopdf)                    size: 10400 bytes
(epstopdf)             Output file: <avgfade_duration_v90-eps-converted-to.pdf>

(epstopdf)                    date: 2015-01-25 20:53:32
(epstopdf)                    size: 7312 bytes
(epstopdf)             Command: <repstopdf --outfile=avgfade_duration_v90-eps-c
onverted-to.pdf avgfade_duration_v90.eps>
(epstopdf)             \includegraphics on input line 155.
Package epstopdf Info: Output file is already uptodate.

<avgfade_duration_v90-eps-converted-to.pdf, id=49, 512.91624pt x 419.5675pt>
File: avgfade_duration_v90-eps-converted-to.pdf Graphic file (type pdf)

<use avgfade_duration_v90-eps-converted-to.pdf>
Package pdftex.def Info: avgfade_duration_v90-eps-converted-to.pdf used on inpu
t line 155.
(pdftex.def)             Requested size: 211.3883pt x 172.91367pt.
Package epstopdf Info: Source file: <strength_freq_v50.eps>
(epstopdf)                    date: 2015-01-25 20:52:42
(epstopdf)                    size: 21699 bytes
(epstopdf)             Output file: <strength_freq_v50-eps-converted-to.pdf>
(epstopdf)                    date: 2015-01-25 20:53:33
(epstopdf)                    size: 17935 bytes
(epstopdf)             Command: <repstopdf --outfile=strength_freq_v50-eps-conv
erted-to.pdf strength_freq_v50.eps>
(epstopdf)             \includegraphics on input line 165.
Package epstopdf Info: Output file is already uptodate.

<strength_freq_v50-eps-converted-to.pdf, id=50, 521.95pt x 419.5675pt>
File: strength_freq_v50-eps-converted-to.pdf Graphic file (type pdf)

<use strength_freq_v50-eps-converted-to.pdf>
Package pdftex.def Info: strength_freq_v50-eps-converted-to.pdf used on input l
ine 165.
(pdftex.def)             Requested size: 211.3883pt x 169.9239pt.
Package epstopdf Info: Source file: <strength_freq_v90.eps>
(epstopdf)                    date: 2015-01-25 20:51:03
(epstopdf)                    size: 22016 bytes
(epstopdf)             Output file: <strength_freq_v90-eps-converted-to.pdf>
(epstopdf)                    date: 2015-01-25 20:53:34
(epstopdf)                    size: 18173 bytes
(epstopdf)             Command: <repstopdf --outfile=strength_freq_v90-eps-conv
erted-to.pdf strength_freq_v90.eps>
(epstopdf)             \includegraphics on input line 166.
Package epstopdf Info: Output file is already uptodate.

<strength_freq_v90-eps-converted-to.pdf, id=51, 521.95pt x 419.5675pt>
File: strength_freq_v90-eps-converted-to.pdf Graphic file (type pdf)

<use strength_freq_v90-eps-converted-to.pdf>
Package pdftex.def Info: strength_freq_v90-eps-converted-to.pdf used on input l
ine 166.
(pdftex.def)             Requested size: 211.3883pt x 169.9239pt.
Package epstopdf Info: Source file: <autocorr_channel_freq_v50.eps>
(epstopdf)                    date: 2015-01-23 04:10:14
(epstopdf)                    size: 11162 bytes
(epstopdf)             Output file: <autocorr_channel_freq_v50-eps-converted-to
.pdf>
(epstopdf)                    date: 2015-01-23 04:11:16
(epstopdf)                    size: 8336 bytes
(epstopdf)             Command: <repstopdf --outfile=autocorr_channel_freq_v50-
eps-converted-to.pdf autocorr_channel_freq_v50.eps>
(epstopdf)             \includegraphics on input line 173.
Package epstopdf Info: Output file is already uptodate.

<autocorr_channel_freq_v50-eps-converted-to.pdf, id=52, 509.905pt x 425.59pt>
File: autocorr_channel_freq_v50-eps-converted-to.pdf Graphic file (type pdf)

<use autocorr_channel_freq_v50-eps-converted-to.pdf>
Package pdftex.def Info: autocorr_channel_freq_v50-eps-converted-to.pdf used on
 input line 173.
(pdftex.def)             Requested size: 211.3883pt x 176.43472pt.
Package epstopdf Info: Source file: <autocorr_channel_freq_v90.eps>
(epstopdf)                    date: 2015-01-23 04:15:16
(epstopdf)                    size: 10640 bytes
(epstopdf)             Output file: <autocorr_channel_freq_v90-eps-converted-to
.pdf>
(epstopdf)                    date: 2015-01-23 04:17:32
(epstopdf)                    size: 8031 bytes
(epstopdf)             Command: <repstopdf --outfile=autocorr_channel_freq_v90-
eps-converted-to.pdf autocorr_channel_freq_v90.eps>
(epstopdf)             \includegraphics on input line 174.
Package epstopdf Info: Output file is already uptodate.

<autocorr_channel_freq_v90-eps-converted-to.pdf, id=53, 509.905pt x 425.59pt>
File: autocorr_channel_freq_v90-eps-converted-to.pdf Graphic file (type pdf)

<use autocorr_channel_freq_v90-eps-converted-to.pdf>
Package pdftex.def Info: autocorr_channel_freq_v90-eps-converted-to.pdf used on
 input line 174.
(pdftex.def)             Requested size: 211.3883pt x 176.43472pt.
Package epstopdf Info: Source file: <psd_channel_v50.eps>
(epstopdf)                    date: 2015-01-25 20:52:51
(epstopdf)                    size: 9710 bytes
(epstopdf)             Output file: <psd_channel_v50-eps-converted-to.pdf>
(epstopdf)                    date: 2015-01-25 20:53:35
(epstopdf)                    size: 7377 bytes
(epstopdf)             Command: <repstopdf --outfile=psd_channel_v50-eps-conver
ted-to.pdf psd_channel_v50.eps>
(epstopdf)             \includegraphics on input line 181.
Package epstopdf Info: Output file is already uptodate.

<psd_channel_v50-eps-converted-to.pdf, id=54, 513.92pt x 419.5675pt>
File: psd_channel_v50-eps-converted-to.pdf Graphic file (type pdf)

<use psd_channel_v50-eps-converted-to.pdf>
Package pdftex.def Info: psd_channel_v50-eps-converted-to.pdf used on input lin
e 181.
(pdftex.def)             Requested size: 211.3883pt x 172.58076pt.
Package epstopdf Info: Source file: <psd_channel_v90.eps>
(epstopdf)                    date: 2015-01-25 20:51:03
(epstopdf)                    size: 9641 bytes
(epstopdf)             Output file: <psd_channel_v90-eps-converted-to.pdf>
(epstopdf)                    date: 2015-01-25 20:53:36
(epstopdf)                    size: 7342 bytes
(epstopdf)             Command: <repstopdf --outfile=psd_channel_v90-eps-conver
ted-to.pdf psd_channel_v90.eps>
(epstopdf)             \includegraphics on input line 182.
Package epstopdf Info: Output file is already uptodate.

<psd_channel_v90-eps-converted-to.pdf, id=55, 513.92pt x 419.5675pt>
File: psd_channel_v90-eps-converted-to.pdf Graphic file (type pdf)

<use psd_channel_v90-eps-converted-to.pdf>
Package pdftex.def Info: psd_channel_v90-eps-converted-to.pdf used on input lin
e 182.
(pdftex.def)             Requested size: 211.3883pt x 172.58076pt.
 [4 <./autocorr_compareall_v50-eps-converted-to.pdf>] [5 <./strength_time_class
_v50-eps-converted-to.pdf> <./strength_time_gaus1_v50-eps-converted-to.pdf> <./
strength_time_gaus2_v50-eps-converted-to.pdf>] [6 <./psd_class_v50-eps-converte
d-to.pdf> <./psd_gaus1_v50-eps-converted-to.pdf> <./psd_gaus2_v50-eps-converted
-to.pdf>] [7 <./crosscorr_v50-eps-converted-to.pdf> <./fading_gain_distribution
_v50-eps-converted-to.pdf> <./fading_gain_distribution_v90-eps-converted-to.pdf
>] [8 <./strength_time_v50-eps-converted-to.pdf> <./strength_time_v90-eps-conve
rted-to.pdf> <./autocorr_channel_time_v50-eps-converted-to.pdf> <./autocorr_cha
nnel_time_v90-eps-converted-to.pdf>]
[9 <./crossingrate_v50-eps-converted-to.pdf> <./avgfade_duration_v50-eps-conver
ted-to.pdf> <./crossingrate_v90-eps-converted-to.pdf> <./avgfade_duration_v90-e
ps-converted-to.pdf>] [10 <./strength_freq_v50-eps-converted-to.pdf> <./strengt
h_freq_v90-eps-converted-to.pdf> <./autocorr_channel_freq_v50-eps-converted-to.
pdf> <./autocorr_channel_freq_v90-eps-converted-to.pdf>] [11 <./psd_channel_v50
-eps-converted-to.pdf> <./psd_channel_v90-eps-converted-to.pdf>]
(./finalreport.aux)

LaTeX Warning: Label(s) may have changed. Rerun to get cross-references right.

 ) 
Here is how much of TeX's memory you used:
 10727 strings out of 493488
 182133 string characters out of 3141326
 235209 words of memory out of 3000000
 13823 multiletter control sequences out of 15000+200000
 35627 words of font info for 75 fonts, out of 3000000 for 9000
 957 hyphenation exceptions out of 8191
 38i,11n,32p,1059b,257s stack positions out of 5000i,500n,10000p,200000b,50000s
{/usr/local/texlive/2012/texmf-dist/fonts/enc/dvips/base/8r.enc}</usr/local/t
exlive/2012/texmf-dist/fonts/type1/public/amsfonts/cm/cmex10.pfb></usr/local/te
xlive/2012/texmf-dist/fonts/type1/public/amsfonts/cm/cmmi12.pfb></usr/local/tex
live/2012/texmf-dist/fonts/type1/public/amsfonts/cm/cmmi6.pfb></usr/local/texli
ve/2012/texmf-dist/fonts/type1/public/amsfonts/cm/cmmi8.pfb></usr/local/texlive
/2012/texmf-dist/fonts/type1/public/amsfonts/cm/cmmi9.pfb></usr/local/texlive/2
012/texmf-dist/fonts/type1/public/amsfonts/cm/cmr12.pfb></usr/local/texlive/201
2/texmf-dist/fonts/type1/public/amsfonts/cm/cmr6.pfb></usr/local/texlive/2012/t
exmf-dist/fonts/type1/public/amsfonts/cm/cmr8.pfb></usr/local/texlive/2012/texm
f-dist/fonts/type1/public/amsfonts/cm/cmr9.pfb></usr/local/texlive/2012/texmf-d
ist/fonts/type1/public/amsfonts/cm/cmsy10.pfb></usr/local/texlive/2012/texmf-di
st/fonts/type1/public/amsfonts/cm/cmsy8.pfb></usr/local/texlive/2012/texmf-dist
/fonts/type1/urw/times/utmr8a.pfb></usr/local/texlive/2012/texmf-dist/fonts/typ
e1/urw/times/utmri8a.pfb>
Output written on finalreport.pdf (11 pages, 431057 bytes).
PDF statistics:
 297 PDF objects out of 1000 (max. 8388607)
 211 compressed objects within 3 object streams
 0 named destinations out of 1000 (max. 500000)
 126 words of extra memory for PDF output out of 10000 (max. 10000000)

